Build started 7/24/2014 10:51:31 PM.
     1>Project "C:\Users\caleb\Documents\Johnstask\FinalGame\FinalGame.vcxproj" on node 2 (build target(s)).
     1>InitializeBuildStatus:
         Creating "Debug\FinalGame.unsuccessfulbuild" because "AlwaysCreate" was specified.
       ClCompile:
         C:\Program Files (x86)\Microsoft Visual Studio 10.0\VC\bin\CL.exe /c /ZI /nologo /W3 /WX- /Od /Oy- /D WIN32 /D _DEBUG /D _CONSOLE /D _UNICODE /D UNICODE /Gm /EHsc /RTC1 /MDd /GS /fp:precise /Zc:wchar_t /Zc:forScope /Fo"Debug\\" /Fd"Debug\vc100.pdb" /Gd /TP /analyze- /errorReport:prompt Main.cpp
         Main.cpp
     1>c:\users\caleb\documents\johnstask\finalgame\main.cpp(33): warning C4305: 'initializing' : truncation from 'int' to 'char'
     1>c:\users\caleb\documents\johnstask\finalgame\main.cpp(33): warning C4309: 'initializing' : truncation of constant value
     1>c:\users\caleb\documents\johnstask\finalgame\main.cpp(52): warning C4996: 'getch': The POSIX name for this item is deprecated. Instead, use the ISO C++ conformant name: _getch. See online help for details.
                 c:\program files (x86)\microsoft visual studio 10.0\vc\include\conio.h(128) : see declaration of 'getch'
       ManifestResourceCompile:
         All outputs are up-to-date.
       Link:
         C:\Program Files (x86)\Microsoft Visual Studio 10.0\VC\bin\link.exe /ERRORREPORT:PROMPT /OUT:"C:\Users\caleb\Documents\Johnstask\Debug\FinalGame.exe" /INCREMENTAL /NOLOGO kernel32.lib user32.lib gdi32.lib winspool.lib comdlg32.lib advapi32.lib shell32.lib ole32.lib oleaut32.lib uuid.lib odbc32.lib odbccp32.lib /MANIFEST /ManifestFile:"Debug\FinalGame.exe.intermediate.manifest" /MANIFESTUAC:"level='asInvoker' uiAccess='false'" /DEBUG /PDB:"C:\Users\caleb\Documents\Johnstask\Debug\FinalGame.pdb" /SUBSYSTEM:CONSOLE /TLBID:1 /DYNAMICBASE /NXCOMPAT /IMPLIB:"C:\Users\caleb\Documents\Johnstask\Debug\FinalGame.lib" /MACHINE:X86 Debug\FinalGame.exe.embed.manifest.res
         Debug\Main.obj
         Debug\Player.obj
       Manifest:
         C:\Program Files (x86)\Microsoft SDKs\Windows\v7.0A\bin\mt.exe /nologo /verbose /out:"Debug\FinalGame.exe.embed.manifest" /manifest Debug\FinalGame.exe.intermediate.manifest
         All outputs are up-to-date.
       LinkEmbedManifest:
         All outputs are up-to-date.
         FinalGame.vcxproj -> C:\Users\caleb\Documents\Johnstask\Debug\FinalGame.exe
       FinalizeBuildStatus:
         Deleting file "Debug\FinalGame.unsuccessfulbuild".
         Touching "Debug\FinalGame.lastbuildstate".
     1>Done Building Project "C:\Users\caleb\Documents\Johnstask\FinalGame\FinalGame.vcxproj" (build target(s)).

Build succeeded.

Time Elapsed 00:00:00.95
